Quantidade de jogos encontrados: 101
[Agatha Christie: The ABC Murders] [PS3] [0.25] 6726. Action. Sega. Mais vendido: JP_Vendas.
[Batman: Arkham Asylum] [PS] [0.27] 6441. Sports. Tecmo Koei. Mais vendido: JP_Vendas.
[Blades of Time] [PS2] [0.09] 10974. Shooter. Eidos Interactive. Mais vendido: NA_Vendas.
[Blood Omen: Legacy of Kain] [PSP] [0.03] 14677. Adventure. Yeti. Mais vendido: JP_Vendas.
[Cabela's Survival: Shadows of Katmai] [PS2] [0.39] 4942. Action. Eidos Interactive. Mais vendido: NA_Vendas.
[Call of Duty: Modern Warfare 2] [PS3] [10.69] 56. Shooter. Activision. Mais vendido: NA_Vendas.
[Catwoman] [DS] [0.18] 8099. Simulation. Disney Interactive Studios. Mais vendido: NA_Vendas.
[Champion Jockey: G1 Jockey & Gallop Racer] [PS] [3.39] 394. Misc. Sony Computer Entertainment. Mais vendido: NA_Vendas.
[Clubhouse Games] [GC] [0.14] 9052. Simulation. Nintendo. Mais vendido: JP_Vendas.
[Code Geass: Hangyaku no Lelouch - Lost Colors] [PS3] [0.01] 16039. Misc. Aqua Plus. Mais vendido: JP_Vendas.
[Codename Tenka] [XB] [0.02] 14926. Racing. Jaleco. Mais vendido: NA_Vendas.
[Cooking Mama 4: Kitchen Magic!] [DS] [0.02] 15059. Platform. N/A. Mais vendido: EU_Vendas.
[DJ Star] [DS] [0.02] 15736. Misc. Deep Silver. Mais vendido: NA_Vendas.
[DS Nishimura Kyotaro Suspense Shin Tantei Series: Kyoto Atami Zekkai no Kotou - Satsui no Wana] [Wii] [0.12] 9910. Shooter. Reef Entertainment. Mais vendido: NA_Vendas.
[Dakar 2: The World's Ultimate Rally] [PC] [0.06] 12752. Role-Playing. JoWood Productions. Mais vendido: EU_Vendas.
[Damnation] [Wii] [0.05] 13388. Action. Take-Two Interactive. Mais vendido: NA_Vendas.
[Deadly Arts] [PS2] [0.17] 8387. Sports. Sony Computer Entertainment. Mais vendido: NA_Vendas.
[Dora the Explorer: Game Boy Advance Video Volume 1] [DS] [0.16] 8637. Misc. Ubisoft. Mais vendido: NA_Vendas.
[Dragon Quest IX: Sentinels of the Starry Skies] [X360] [0.45] 4337. Sports. Take-Two Interactive. Mais vendido: NA_Vendas.
[ESPN College Hoops 2K5] [XB] [0.38] 4990. Sports. Sega. Mais vendido: NA_Vendas.
[Epic Mickey 2: The Power of Two] [PS4] [0.54] 3713. Action. Capcom. Mais vendido: EU_Vendas.
[Etrian Odyssey IV: Legends of the Titans] [PS2] [0.18] 8139. Strategy. Eidos Interactive. Mais vendido: NA_Vendas.
[F1 ROC: Race of Champions] [PS2] [0.02] 15139. Fighting. Namco Bandai Games. Mais vendido: NA_Vendas.
[Far Cry 2] [PSV] [0.12] 9902. Action. Ubisoft. Mais vendido: EU_Vendas.
[Fight Night Round 2] [Wii] [0.23] 7060. Puzzle. Capcom. Mais vendido: NA_Vendas.
[Fire Emblem: Monsh? no Nazo] [PS3] [0.99] 2092. Action. Disney Interactive Studios. Mais vendido: EU_Vendas.
[Forza Motorsport 3] [DS] [0.04] 13482. Misc. 505 Games. Mais vendido: NA_Vendas.
[Game & Wario] [Wii] [0.44] 4488. Misc. Ubisoft. Mais vendido: NA_Vendas.
[Garou Densetsu 3: Road to the Final Victory] [PS3] [0.24] 6877. Action. Namco Bandai Games. Mais vendido: JP_Vendas.
[Gekijouban Madoka Magicka: The Battle Pentagram] [PC] [0.98] 2108. Shooter. Ubisoft. Mais vendido: EU_Vendas.
[Generator Rex: Agent of Providence] [X360] [0.06] 12386. Action. Activision. Mais vendido: NA_Vendas.
[Get Fit with Mel B] [PSV] [0.02] 15355. Action. Idea Factory. Mais vendido: JP_Vendas.
[Ginga Tetsudou 999 DS] [WiiU] [0.4] 4854. Sports. Nintendo. Mais vendido: NA_Vendas.
[Grand Kingdom] [DS] [0.03] 14600. Adventure. Level 5. Mais vendido: JP_Vendas.
[Hammerin' Hero] [Wii] [0.06] 12759. Sports. Avanquest. Mais vendido: NA_Vendas.
[High Velocity: Mountain Racing Challenge] [DC] [0.22] 7252. Fighting. Virgin Interactive. Mais vendido: JP_Vendas.
[Hysteria Hospital: Emergency Ward] [X360] [0.36] 5189. Action. Activision. Mais vendido: NA_Vendas.
[Imagine: Party Babyz] [XB] [0.09] 10912. Misc. Crave Entertainment. Mais vendido: NA_Vendas.
[Indiana Jones and the Staff of Kings] [PSP] [0.71] 2888. Action. Warner Bros Interactive Entertainment. Mais vendido: EU_Vendas.
[Jake Hunter Detective Story: Memories of the Past] [XB] [0.1] 10571. Action. Activision. Mais vendido: NA_Vendas.
[James Bond 007: Agent Under Fire] [X360] [2.58] 595. Action. Take-Two Interactive. Mais vendido: EU_Vendas.
[Jet Li: Rise to Honor] [PS2] [1.27] 1568. Action. Sony Computer Entertainment. Mais vendido: NA_Vendas.
[Karaoke Revolution Party] [PS2] [0.2] 7543. Fighting. Ignition Entertainment. Mais vendido: NA_Vendas.
[Katekyoo Hitman Reborn! DS Fate of Heat III - Yuki no Shugosha Raishuu!] [GC] [0.44] 4479. Adventure. Nintendo. Mais vendido: NA_Vendas.
[Ken to Mahou to Gakuen Mono 3] [PSV] [0.02] 15956. Action. Namco Bandai Games. Mais vendido: JP_Vendas.
[LEGO Indiana Jones 2: The Adventure Continues] [PS2] [1.66] 1102. Sports. Electronic Arts. Mais vendido: NA_Vendas.
[Left Brain Right Brain: Use Both Hands Train Both Sides] [PC] [0.04] 14030. Strategy. Ubisoft. Mais vendido: EU_Vendas.
[Madden NFL 10] [PS2] [0.28] 6245. Sports. Acclaim Entertainment. Mais vendido: NA_Vendas.
[Mass Effect Trilogy] [PS2] [0.03] 14317. Simulation. Konami Digital Entertainment. Mais vendido: JP_Vendas.
[Maze Craze: A Game of Cops 'n Robbers] [3DS] [0.2] 7546. Fighting. Nintendo. Mais vendido: EU_Vendas.
[Mega Man Powered Up] [DS] [0.11] 10078. Adventure. PQube. Mais vendido: NA_Vendas.
[Microsoft Flight Simulator X] [GC] [1.69] 1072. Action. Capcom. Mais vendido: NA_Vendas.
[Monster Rancher Hop-A-Bout] [PS2] [0.04] 13462. Fighting. SNK Playmore. Mais vendido: JP_Vendas.
[Motto! SoniComi] [PSP] [0.32] 5583. Fighting. Namco Bandai Games. Mais vendido: JP_Vendas.
[NBA Live 08] [PC] [0.02] 15177. Role-Playing. Paradox Interactive. Mais vendido: EU_Vendas.
[NBA Live 2000] [PC] [1.95] 876. Shooter. LucasArts. Mais vendido: NA_Vendas.
[NCAA Football 2005] [Wii] [0.89] 2352. Shooter. Activision. Mais vendido: NA_Vendas.
[NFL Blitz] [XB] [0.71] 2874. Adventure. Microsoft Game Studios. Mais vendido: NA_Vendas.
[NHL 16] [X360] [0.16] 8632. Misc. Ubisoft. Mais vendido: NA_Vendas.
[NPPL: Championship Paintball 2009] [PC] [0.15] 8930. Racing. Codemasters. Mais vendido: EU_Vendas.
[Naruto Shippuden: Ultimate Ninja Storm 2] [PSP] [0.01] 16593. Role-Playing. Falcom Corporation. Mais vendido: JP_Vendas.
[Naruto: Ninja Council 2 European Version] [PS2] [0.11] 10239. Sports. Xicat Interactive. Mais vendido: NA_Vendas.
[Nintendogs + cats] [PS] [0.81] 2555. Puzzle. Atari. Mais vendido: NA_Vendas.
[Pro Yaky? Spirits 5] [DS] [0.08] 11614. Adventure. Square Enix. Mais vendido: JP_Vendas.
[Pro Yakyuu Family Stadium] [PS2] [1.86] 930. Misc. Sony Computer Entertainment. Mais vendido: EU_Vendas.
[Puzzle de Harvest Moon] [PS] [0.89] 2341. Simulation. Sony Computer Entertainment. Mais vendido: JP_Vendas.
[Record of Agarest War Zero] [PSV] [0.02] 15160. Action. Unknown. Mais vendido: JP_Vendas.
[Red Dead Redemption: Undead Nightmare] [X360] [3.5] 376. Action. Eidos Interactive. Mais vendido: NA_Vendas.
[Reel Fishing II] [X360] [0.13] 9647. Shooter. D3Publisher. Mais vendido: NA_Vendas.
[Resident Evil 3: Nemesis] [PS] [3.72] 333. Action. Eidos Interactive. Mais vendido: JP_Vendas.
[Rise of the Tomb Raider] [Wii] [0.23] 7014. Strategy. THQ. Mais vendido: NA_Vendas.
[Rogue Ops] [PS2] [0.23] 7130. Action. Kemco. Mais vendido: NA_Vendas.
[Scooby-Doo! and the Spooky Swamp] [NES] [2.2] 739. Sports. Namco Bandai Games. Mais vendido: JP_Vendas.
[Shadow of the Colossus] [PS3] [0.04] 13810. Action. Sony Computer Entertainment. Mais vendido: JP_Vendas.
[Shin Kamaitachi no Yoru: 11 Hitome no Suspect] [GC] [0.05] 12870. Action. Eidos Interactive. Mais vendido: NA_Vendas.
[Shiren the Wanderer 4 - God's Eye and the Demon's Navel] [XB] [0.44] 4424. Role-Playing. Activision. Mais vendido: NA_Vendas.
[Shonen Jump's One Piece: Grand Adventure] [PS2] [1.48] 1285. Fighting. Electronic Arts. Mais vendido: NA_Vendas.
[Simple DS Series Vol 41: The Bakudan Shori-Han] [DS] [0.09] 11016. Misc. Sega. Mais vendido: NA_Vendas.
[Skate 3] [Wii] [28.62] 9. Platform. Nintendo. Mais vendido: NA_Vendas.
[Skylanders: Trap Team] [3DS] [0.26] 6510. Action. Activision. Mais vendido: NA_Vendas.
[Slayers Royal 2] [Wii] [2.2] 740. Platform. Sega. Mais vendido: NA_Vendas.
[SpongeBob SquarePants: Lights, Camera, Pants!] [PS2] [2.22] 728. Action. Ubisoft. Mais vendido: EU_Vendas.
[Star Wars Starfighter: Special Edition] [PS3] [0.7] 2904. Sports. Sega. Mais vendido: EU_Vendas.
[Star Wars: Dark Forces] [PSP] [0.25] 6642. Misc. Sega. Mais vendido: JP_Vendas.
[Stuart Little 2] [GBA] [0.46] 4245. Platform. Activision. Mais vendido: NA_Vendas.
[Summer Heat Beach Volleyball] [DS] [0.01] 16487. Misc. UFO Interactive. Mais vendido: NA_Vendas.
[Super Mario Bros: The Lost Levels] [PS3] [0.29] 5979. Action. Tecmo Koei. Mais vendido: NA_Vendas.
[Syndicate] [PC] [0.02] 15125. Action. Konami Digital Entertainment. Mais vendido: EU_Vendas.
[Tales of Innocence R] [PSV] [0.1] 10688. Role-Playing. Namco Bandai Games. Mais vendido: JP_Vendas.
[Tear Ring Saga Yutona Eiyuu Senki] [Wii] [0.41] 4724. Misc. THQ. Mais vendido: NA_Vendas.
[The Naked Brothers Band: The Video Game] [X360] [0.9] 2325. Sports. THQ. Mais vendido: NA_Vendas.
[Tiger Woods PGA Tour 08] [PS3] [0.74] 2777. Racing. Activision. Mais vendido: EU_Vendas.
[Tiger Woods PGA Tour 09] [PC] [0.08] 11468. Simulation. Electronic Arts. Mais vendido: EU_Vendas.
[Transformers: Revenge of the Fallen (XBox 360, PS3, & PC Versions)] [PC] [0.19] 7951. Shooter. Activision. Mais vendido: EU_Vendas.
[UEFA Champions League 2006-2007] [Wii] [0.43] 4525. Sports. Electronic Arts. Mais vendido: NA_Vendas.
[Utawarerumono: Futari no Hakuoro] [PS] [0.08] 11677. Simulation. Psygnosis. Mais vendido: NA_Vendas.
[Warriors Orochi] [PC] [0.26] 6594. Simulation. Ubisoft. Mais vendido: EU_Vendas.
[Worldwide Soccer Manager 2009] [2600] [0.34] 5397. Action. 20th Century Fox Video Games. Mais vendido: NA_Vendas.
[Worms World Party] [PC] [0.01] 16580. Shooter. Codemasters. Mais vendido: EU_Vendas.
[Zoids Dash] [PC] [0.04] 13565. Racing. Electronic Arts. Mais vendido: EU_Vendas.
[Zoo Hospital] [DS] [0.04] 13935. Simulation. Eidos Interactive. Mais vendido: NA_Vendas.
## 	BUBBLE [COMPARACOES] [7461k] [MOVIMENTACOES] [7917k]
[Agatha Christie: The ABC Murders] [PS3] [0.25] 6726. Action. Sega. Mais vendido: JP_Vendas.
[Batman: Arkham Asylum] [PS] [0.27] 6441. Sports. Tecmo Koei. Mais vendido: JP_Vendas.
[Blades of Time] [PS2] [0.09] 10974. Shooter. Eidos Interactive. Mais vendido: NA_Vendas.
[Blood Omen: Legacy of Kain] [PSP] [0.03] 14677. Adventure. Yeti. Mais vendido: JP_Vendas.
[Cabela's Survival: Shadows of Katmai] [PS2] [0.39] 4942. Action. Eidos Interactive. Mais vendido: NA_Vendas.
[Call of Duty: Modern Warfare 2] [PS3] [10.69] 56. Shooter. Activision. Mais vendido: NA_Vendas.
[Catwoman] [DS] [0.18] 8099. Simulation. Disney Interactive Studios. Mais vendido: NA_Vendas.
[Champion Jockey: G1 Jockey & Gallop Racer] [PS] [3.39] 394. Misc. Sony Computer Entertainment. Mais vendido: NA_Vendas.
[Clubhouse Games] [GC] [0.14] 9052. Simulation. Nintendo. Mais vendido: JP_Vendas.
[Code Geass: Hangyaku no Lelouch - Lost Colors] [PS3] [0.01] 16039. Misc. Aqua Plus. Mais vendido: JP_Vendas.
[Codename Tenka] [XB] [0.02] 14926. Racing. Jaleco. Mais vendido: NA_Vendas.
[Cooking Mama 4: Kitchen Magic!] [DS] [0.02] 15059. Platform. N/A. Mais vendido: EU_Vendas.
[DJ Star] [DS] [0.02] 15736. Misc. Deep Silver. Mais vendido: NA_Vendas.
[DS Nishimura Kyotaro Suspense Shin Tantei Series: Kyoto Atami Zekkai no Kotou - Satsui no Wana] [Wii] [0.12] 9910. Shooter. Reef Entertainment. Mais vendido: NA_Vendas.
[Dakar 2: The World's Ultimate Rally] [PC] [0.06] 12752. Role-Playing. JoWood Productions. Mais vendido: EU_Vendas.
[Damnation] [Wii] [0.05] 13388. Action. Take-Two Interactive. Mais vendido: NA_Vendas.
[Deadly Arts] [PS2] [0.17] 8387. Sports. Sony Computer Entertainment. Mais vendido: NA_Vendas.
[Dora the Explorer: Game Boy Advance Video Volume 1] [DS] [0.16] 8637. Misc. Ubisoft. Mais vendido: NA_Vendas.
[Dragon Quest IX: Sentinels of the Starry Skies] [X360] [0.45] 4337. Sports. Take-Two Interactive. Mais vendido: NA_Vendas.
[ESPN College Hoops 2K5] [XB] [0.38] 4990. Sports. Sega. Mais vendido: NA_Vendas.
[Epic Mickey 2: The Power of Two] [PS4] [0.54] 3713. Action. Capcom. Mais vendido: EU_Vendas.
[Etrian Odyssey IV: Legends of the Titans] [PS2] [0.18] 8139. Strategy. Eidos Interactive. Mais vendido: NA_Vendas.
[F1 ROC: Race of Champions] [PS2] [0.02] 15139. Fighting. Namco Bandai Games. Mais vendido: NA_Vendas.
[Far Cry 2] [PSV] [0.12] 9902. Action. Ubisoft. Mais vendido: EU_Vendas.
[Fight Night Round 2] [Wii] [0.23] 7060. Puzzle. Capcom. Mais vendido: NA_Vendas.
[Fire Emblem: Monsh? no Nazo] [PS3] [0.99] 2092. Action. Disney Interactive Studios. Mais vendido: EU_Vendas.
[Forza Motorsport 3] [DS] [0.04] 13482. Misc. 505 Games. Mais vendido: NA_Vendas.
[Game & Wario] [Wii] [0.44] 4488. Misc. Ubisoft. Mais vendido: NA_Vendas.
[Garou Densetsu 3: Road to the Final Victory] [PS3] [0.24] 6877. Action. Namco Bandai Games. Mais vendido: JP_Vendas.
[Gekijouban Madoka Magicka: The Battle Pentagram] [PC] [0.98] 2108. Shooter. Ubisoft. Mais vendido: EU_Vendas.
[Generator Rex: Agent of Providence] [X360] [0.06] 12386. Action. Activision. Mais vendido: NA_Vendas.
[Get Fit with Mel B] [PSV] [0.02] 15355. Action. Idea Factory. Mais vendido: JP_Vendas.
[Ginga Tetsudou 999 DS] [WiiU] [0.4] 4854. Sports. Nintendo. Mais vendido: NA_Vendas.
[Grand Kingdom] [DS] [0.03] 14600. Adventure. Level 5. Mais vendido: JP_Vendas.
[Hammerin' Hero] [Wii] [0.06] 12759. Sports. Avanquest. Mais vendido: NA_Vendas.
[High Velocity: Mountain Racing Challenge] [DC] [0.22] 7252. Fighting. Virgin Interactive. Mais vendido: JP_Vendas.
[Hysteria Hospital: Emergency Ward] [X360] [0.36] 5189. Action. Activision. Mais vendido: NA_Vendas.
[Imagine: Party Babyz] [XB] [0.09] 10912. Misc. Crave Entertainment. Mais vendido: NA_Vendas.
[Indiana Jones and the Staff of Kings] [PSP] [0.71] 2888. Action. Warner Bros Interactive Entertainment. Mais vendido: EU_Vendas.
[Jake Hunter Detective Story: Memories of the Past] [XB] [0.1] 10571. Action. Activision. Mais vendido: NA_Vendas.
[James Bond 007: Agent Under Fire] [X360] [2.58] 595. Action. Take-Two Interactive. Mais vendido: EU_Vendas.
[Jet Li: Rise to Honor] [PS2] [1.27] 1568. Action. Sony Computer Entertainment. Mais vendido: NA_Vendas.
[Karaoke Revolution Party] [PS2] [0.2] 7543. Fighting. Ignition Entertainment. Mais vendido: NA_Vendas.
[Katekyoo Hitman Reborn! DS Fate of Heat III - Yuki no Shugosha Raishuu!] [GC] [0.44] 4479. Adventure. Nintendo. Mais vendido: NA_Vendas.
[Ken to Mahou to Gakuen Mono 3] [PSV] [0.02] 15956. Action. Namco Bandai Games. Mais vendido: JP_Vendas.
[LEGO Indiana Jones 2: The Adventure Continues] [PS2] [1.66] 1102. Sports. Electronic Arts. Mais vendido: NA_Vendas.
[Left Brain Right Brain: Use Both Hands Train Both Sides] [PC] [0.04] 14030. Strategy. Ubisoft. Mais vendido: EU_Vendas.
[Madden NFL 10] [PS2] [0.28] 6245. Sports. Acclaim Entertainment. Mais vendido: NA_Vendas.
[Mass Effect Trilogy] [PS2] [0.03] 14317. Simulation. Konami Digital Entertainment. Mais vendido: JP_Vendas.
[Maze Craze: A Game of Cops 'n Robbers] [3DS] [0.2] 7546. Fighting. Nintendo. Mais vendido: EU_Vendas.
[Mega Man Powered Up] [DS] [0.11] 10078. Adventure. PQube. Mais vendido: NA_Vendas.
[Microsoft Flight Simulator X] [GC] [1.69] 1072. Action. Capcom. Mais vendido: NA_Vendas.
[Monster Rancher Hop-A-Bout] [PS2] [0.04] 13462. Fighting. SNK Playmore. Mais vendido: JP_Vendas.
[Motto! SoniComi] [PSP] [0.32] 5583. Fighting. Namco Bandai Games. Mais vendido: JP_Vendas.
[NBA Live 08] [PC] [0.02] 15177. Role-Playing. Paradox Interactive. Mais vendido: EU_Vendas.
[NBA Live 2000] [PC] [1.95] 876. Shooter. LucasArts. Mais vendido: NA_Vendas.
[NCAA Football 2005] [Wii] [0.89] 2352. Shooter. Activision. Mais vendido: NA_Vendas.
[NFL Blitz] [XB] [0.71] 2874. Adventure. Microsoft Game Studios. Mais vendido: NA_Vendas.
[NHL 16] [X360] [0.16] 8632. Misc. Ubisoft. Mais vendido: NA_Vendas.
[NPPL: Championship Paintball 2009] [PC] [0.15] 8930. Racing. Codemasters. Mais vendido: EU_Vendas.
[Naruto Shippuden: Ultimate Ninja Storm 2] [PSP] [0.01] 16593. Role-Playing. Falcom Corporation. Mais vendido: JP_Vendas.
[Naruto: Ninja Council 2 European Version] [PS2] [0.11] 10239. Sports. Xicat Interactive. Mais vendido: NA_Vendas.
[Nintendogs + cats] [PS] [0.81] 2555. Puzzle. Atari. Mais vendido: NA_Vendas.
[Pro Yaky? Spirits 5] [DS] [0.08] 11614. Adventure. Square Enix. Mais vendido: JP_Vendas.
[Pro Yakyuu Family Stadium] [PS2] [1.86] 930. Misc. Sony Computer Entertainment. Mais vendido: EU_Vendas.
[Puzzle de Harvest Moon] [PS] [0.89] 2341. Simulation. Sony Computer Entertainment. Mais vendido: JP_Vendas.
[Record of Agarest War Zero] [PSV] [0.02] 15160. Action. Unknown. Mais vendido: JP_Vendas.
[Red Dead Redemption: Undead Nightmare] [X360] [3.5] 376. Action. Eidos Interactive. Mais vendido: NA_Vendas.
[Reel Fishing II] [X360] [0.13] 9647. Shooter. D3Publisher. Mais vendido: NA_Vendas.
[Resident Evil 3: Nemesis] [PS] [3.72] 333. Action. Eidos Interactive. Mais vendido: JP_Vendas.
[Rise of the Tomb Raider] [Wii] [0.23] 7014. Strategy. THQ. Mais vendido: NA_Vendas.
[Rogue Ops] [PS2] [0.23] 7130. Action. Kemco. Mais vendido: NA_Vendas.
[Scooby-Doo! and the Spooky Swamp] [NES] [2.2] 739. Sports. Namco Bandai Games. Mais vendido: JP_Vendas.
[Shadow of the Colossus] [PS3] [0.04] 13810. Action. Sony Computer Entertainment. Mais vendido: JP_Vendas.
[Shin Kamaitachi no Yoru: 11 Hitome no Suspect] [GC] [0.05] 12870. Action. Eidos Interactive. Mais vendido: NA_Vendas.
[Shiren the Wanderer 4 - God's Eye and the Demon's Navel] [XB] [0.44] 4424. Role-Playing. Activision. Mais vendido: NA_Vendas.
[Shonen Jump's One Piece: Grand Adventure] [PS2] [1.48] 1285. Fighting. Electronic Arts. Mais vendido: NA_Vendas.
[Simple DS Series Vol 41: The Bakudan Shori-Han] [DS] [0.09] 11016. Misc. Sega. Mais vendido: NA_Vendas.
[Skate 3] [Wii] [28.62] 9. Platform. Nintendo. Mais vendido: NA_Vendas.
[Skylanders: Trap Team] [3DS] [0.26] 6510. Action. Activision. Mais vendido: NA_Vendas.
[Slayers Royal 2] [Wii] [2.2] 740. Platform. Sega. Mais vendido: NA_Vendas.
[SpongeBob SquarePants: Lights, Camera, Pants!] [PS2] [2.22] 728. Action. Ubisoft. Mais vendido: EU_Vendas.
[Star Wars Starfighter: Special Edition] [PS3] [0.7] 2904. Sports. Sega. Mais vendido: EU_Vendas.
[Star Wars: Dark Forces] [PSP] [0.25] 6642. Misc. Sega. Mais vendido: JP_Vendas.
[Stuart Little 2] [GBA] [0.46] 4245. Platform. Activision. Mais vendido: NA_Vendas.
[Summer Heat Beach Volleyball] [DS] [0.01] 16487. Misc. UFO Interactive. Mais vendido: NA_Vendas.
[Super Mario Bros: The Lost Levels] [PS3] [0.29] 5979. Action. Tecmo Koei. Mais vendido: NA_Vendas.
[Syndicate] [PC] [0.02] 15125. Action. Konami Digital Entertainment. Mais vendido: EU_Vendas.
[Tales of Innocence R] [PSV] [0.1] 10688. Role-Playing. Namco Bandai Games. Mais vendido: JP_Vendas.
[Tear Ring Saga Yutona Eiyuu Senki] [Wii] [0.41] 4724. Misc. THQ. Mais vendido: NA_Vendas.
[The Naked Brothers Band: The Video Game] [X360] [0.9] 2325. Sports. THQ. Mais vendido: NA_Vendas.
[Tiger Woods PGA Tour 08] [PS3] [0.74] 2777. Racing. Activision. Mais vendido: EU_Vendas.
[Tiger Woods PGA Tour 09] [PC] [0.08] 11468. Simulation. Electronic Arts. Mais vendido: EU_Vendas.
[Transformers: Revenge of the Fallen (XBox 360, PS3, & PC Versions)] [PC] [0.19] 7951. Shooter. Activision. Mais vendido: EU_Vendas.
[UEFA Champions League 2006-2007] [Wii] [0.43] 4525. Sports. Electronic Arts. Mais vendido: NA_Vendas.
[Utawarerumono: Futari no Hakuoro] [PS] [0.08] 11677. Simulation. Psygnosis. Mais vendido: NA_Vendas.
[Warriors Orochi] [PC] [0.26] 6594. Simulation. Ubisoft. Mais vendido: EU_Vendas.
[Worldwide Soccer Manager 2009] [2600] [0.34] 5397. Action. 20th Century Fox Video Games. Mais vendido: NA_Vendas.
[Worms World Party] [PC] [0.01] 16580. Shooter. Codemasters. Mais vendido: EU_Vendas.
[Zoids Dash] [PC] [0.04] 13565. Racing. Electronic Arts. Mais vendido: EU_Vendas.
[Zoo Hospital] [DS] [0.04] 13935. Simulation. Eidos Interactive. Mais vendido: NA_Vendas.
## INSERTION [COMPARACOES] [2835k] [MOVIMENTACOES] [2839k]
[Agatha Christie: The ABC Murders] [PS3] [0.25] 6726. Action. Sega. Mais vendido: JP_Vendas.
[Batman: Arkham Asylum] [PS] [0.27] 6441. Sports. Tecmo Koei. Mais vendido: JP_Vendas.
[Blades of Time] [PS2] [0.09] 10974. Shooter. Eidos Interactive. Mais vendido: NA_Vendas.
[Blood Omen: Legacy of Kain] [PSP] [0.03] 14677. Adventure. Yeti. Mais vendido: JP_Vendas.
[Cabela's Survival: Shadows of Katmai] [PS2] [0.39] 4942. Action. Eidos Interactive. Mais vendido: NA_Vendas.
[Call of Duty: Modern Warfare 2] [PS3] [10.69] 56. Shooter. Activision. Mais vendido: NA_Vendas.
[Catwoman] [DS] [0.18] 8099. Simulation. Disney Interactive Studios. Mais vendido: NA_Vendas.
[Champion Jockey: G1 Jockey & Gallop Racer] [PS] [3.39] 394. Misc. Sony Computer Entertainment. Mais vendido: NA_Vendas.
[Clubhouse Games] [GC] [0.14] 9052. Simulation. Nintendo. Mais vendido: JP_Vendas.
[Code Geass: Hangyaku no Lelouch - Lost Colors] [PS3] [0.01] 16039. Misc. Aqua Plus. Mais vendido: JP_Vendas.
[Codename Tenka] [XB] [0.02] 14926. Racing. Jaleco. Mais vendido: NA_Vendas.
[Cooking Mama 4: Kitchen Magic!] [DS] [0.02] 15059. Platform. N/A. Mais vendido: EU_Vendas.
[DJ Star] [DS] [0.02] 15736. Misc. Deep Silver. Mais vendido: NA_Vendas.
[DS Nishimura Kyotaro Suspense Shin Tantei Series: Kyoto Atami Zekkai no Kotou - Satsui no Wana] [Wii] [0.12] 9910. Shooter. Reef Entertainment. Mais vendido: NA_Vendas.
[Dakar 2: The World's Ultimate Rally] [PC] [0.06] 12752. Role-Playing. JoWood Productions. Mais vendido: EU_Vendas.
[Damnation] [Wii] [0.05] 13388. Action. Take-Two Interactive. Mais vendido: NA_Vendas.
[Deadly Arts] [PS2] [0.17] 8387. Sports. Sony Computer Entertainment. Mais vendido: NA_Vendas.
[Dora the Explorer: Game Boy Advance Video Volume 1] [DS] [0.16] 8637. Misc. Ubisoft. Mais vendido: NA_Vendas.
[Dragon Quest IX: Sentinels of the Starry Skies] [X360] [0.45] 4337. Sports. Take-Two Interactive. Mais vendido: NA_Vendas.
[ESPN College Hoops 2K5] [XB] [0.38] 4990. Sports. Sega. Mais vendido: NA_Vendas.
[Epic Mickey 2: The Power of Two] [PS4] [0.54] 3713. Action. Capcom. Mais vendido: EU_Vendas.
[Etrian Odyssey IV: Legends of the Titans] [PS2] [0.18] 8139. Strategy. Eidos Interactive. Mais vendido: NA_Vendas.
[F1 ROC: Race of Champions] [PS2] [0.02] 15139. Fighting. Namco Bandai Games. Mais vendido: NA_Vendas.
[Far Cry 2] [PSV] [0.12] 9902. Action. Ubisoft. Mais vendido: EU_Vendas.
[Fight Night Round 2] [Wii] [0.23] 7060. Puzzle. Capcom. Mais vendido: NA_Vendas.
[Fire Emblem: Monsh? no Nazo] [PS3] [0.99] 2092. Action. Disney Interactive Studios. Mais vendido: EU_Vendas.
[Forza Motorsport 3] [DS] [0.04] 13482. Misc. 505 Games. Mais vendido: NA_Vendas.
[Game & Wario] [Wii] [0.44] 4488. Misc. Ubisoft. Mais vendido: NA_Vendas.
[Garou Densetsu 3: Road to the Final Victory] [PS3] [0.24] 6877. Action. Namco Bandai Games. Mais vendido: JP_Vendas.
[Gekijouban Madoka Magicka: The Battle Pentagram] [PC] [0.98] 2108. Shooter. Ubisoft. Mais vendido: EU_Vendas.
[Generator Rex: Agent of Providence] [X360] [0.06] 12386. Action. Activision. Mais vendido: NA_Vendas.
[Get Fit with Mel B] [PSV] [0.02] 15355. Action. Idea Factory. Mais vendido: JP_Vendas.
[Ginga Tetsudou 999 DS] [WiiU] [0.4] 4854. Sports. Nintendo. Mais vendido: NA_Vendas.
[Grand Kingdom] [DS] [0.03] 14600. Adventure. Level 5. Mais vendido: JP_Vendas.
[Hammerin' Hero] [Wii] [0.06] 12759. Sports. Avanquest. Mais vendido: NA_Vendas.
[High Velocity: Mountain Racing Challenge] [DC] [0.22] 7252. Fighting. Virgin Interactive. Mais vendido: JP_Vendas.
[Hysteria Hospital: Emergency Ward] [X360] [0.36] 5189. Action. Activision. Mais vendido: NA_Vendas.
[Imagine: Party Babyz] [XB] [0.09] 10912. Misc. Crave Entertainment. Mais vendido: NA_Vendas.
[Indiana Jones and the Staff of Kings] [PSP] [0.71] 2888. Action. Warner Bros Interactive Entertainment. Mais vendido: EU_Vendas.
[Jake Hunter Detective Story: Memories of the Past] [XB] [0.1] 10571. Action. Activision. Mais vendido: NA_Vendas.
[James Bond 007: Agent Under Fire] [X360] [2.58] 595. Action. Take-Two Interactive. Mais vendido: EU_Vendas.
[Jet Li: Rise to Honor] [PS2] [1.27] 1568. Action. Sony Computer Entertainment. Mais vendido: NA_Vendas.
[Karaoke Revolution Party] [PS2] [0.2] 7543. Fighting. Ignition Entertainment. Mais vendido: NA_Vendas.
[Katekyoo Hitman Reborn! DS Fate of Heat III - Yuki no Shugosha Raishuu!] [GC] [0.44] 4479. Adventure. Nintendo. Mais vendido: NA_Vendas.
[Ken to Mahou to Gakuen Mono 3] [PSV] [0.02] 15956. Action. Namco Bandai Games. Mais vendido: JP_Vendas.
[LEGO Indiana Jones 2: The Adventure Continues] [PS2] [1.66] 1102. Sports. Electronic Arts. Mais vendido: NA_Vendas.
[Left Brain Right Brain: Use Both Hands Train Both Sides] [PC] [0.04] 14030. Strategy. Ubisoft. Mais vendido: EU_Vendas.
[Madden NFL 10] [PS2] [0.28] 6245. Sports. Acclaim Entertainment. Mais vendido: NA_Vendas.
[Mass Effect Trilogy] [PS2] [0.03] 14317. Simulation. Konami Digital Entertainment. Mais vendido: JP_Vendas.
[Maze Craze: A Game of Cops 'n Robbers] [3DS] [0.2] 7546. Fighting. Nintendo. Mais vendido: EU_Vendas.
[Mega Man Powered Up] [DS] [0.11] 10078. Adventure. PQube. Mais vendido: NA_Vendas.
[Microsoft Flight Simulator X] [GC] [1.69] 1072. Action. Capcom. Mais vendido: NA_Vendas.
[Monster Rancher Hop-A-Bout] [PS2] [0.04] 13462. Fighting. SNK Playmore. Mais vendido: JP_Vendas.
[Motto! SoniComi] [PSP] [0.32] 5583. Fighting. Namco Bandai Games. Mais vendido: JP_Vendas.
[NBA Live 08] [PC] [0.02] 15177. Role-Playing. Paradox Interactive. Mais vendido: EU_Vendas.
[NBA Live 2000] [PC] [1.95] 876. Shooter. LucasArts. Mais vendido: NA_Vendas.
[NCAA Football 2005] [Wii] [0.89] 2352. Shooter. Activision. Mais vendido: NA_Vendas.
[NFL Blitz] [XB] [0.71] 2874. Adventure. Microsoft Game Studios. Mais vendido: NA_Vendas.
[NHL 16] [X360] [0.16] 8632. Misc. Ubisoft. Mais vendido: NA_Vendas.
[NPPL: Championship Paintball 2009] [PC] [0.15] 8930. Racing. Codemasters. Mais vendido: EU_Vendas.
[Naruto Shippuden: Ultimate Ninja Storm 2] [PSP] [0.01] 16593. Role-Playing. Falcom Corporation. Mais vendido: JP_Vendas.
[Naruto: Ninja Council 2 European Version] [PS2] [0.11] 10239. Sports. Xicat Interactive. Mais vendido: NA_Vendas.
[Nintendogs + cats] [PS] [0.81] 2555. Puzzle. Atari. Mais vendido: NA_Vendas.
[Pro Yaky? Spirits 5] [DS] [0.08] 11614. Adventure. Square Enix. Mais vendido: JP_Vendas.
[Pro Yakyuu Family Stadium] [PS2] [1.86] 930. Misc. Sony Computer Entertainment. Mais vendido: EU_Vendas.
[Puzzle de Harvest Moon] [PS] [0.89] 2341. Simulation. Sony Computer Entertainment. Mais vendido: JP_Vendas.
[Record of Agarest War Zero] [PSV] [0.02] 15160. Action. Unknown. Mais vendido: JP_Vendas.
[Red Dead Redemption: Undead Nightmare] [X360] [3.5] 376. Action. Eidos Interactive. Mais vendido: NA_Vendas.
[Reel Fishing II] [X360] [0.13] 9647. Shooter. D3Publisher. Mais vendido: NA_Vendas.
[Resident Evil 3: Nemesis] [PS] [3.72] 333. Action. Eidos Interactive. Mais vendido: JP_Vendas.
[Rise of the Tomb Raider] [Wii] [0.23] 7014. Strategy. THQ. Mais vendido: NA_Vendas.
[Rogue Ops] [PS2] [0.23] 7130. Action. Kemco. Mais vendido: NA_Vendas.
[Scooby-Doo! and the Spooky Swamp] [NES] [2.2] 739. Sports. Namco Bandai Games. Mais vendido: JP_Vendas.
[Shadow of the Colossus] [PS3] [0.04] 13810. Action. Sony Computer Entertainment. Mais vendido: JP_Vendas.
[Shin Kamaitachi no Yoru: 11 Hitome no Suspect] [GC] [0.05] 12870. Action. Eidos Interactive. Mais vendido: NA_Vendas.
[Shiren the Wanderer 4 - God's Eye and the Demon's Navel] [XB] [0.44] 4424. Role-Playing. Activision. Mais vendido: NA_Vendas.
[Shonen Jump's One Piece: Grand Adventure] [PS2] [1.48] 1285. Fighting. Electronic Arts. Mais vendido: NA_Vendas.
[Simple DS Series Vol 41: The Bakudan Shori-Han] [DS] [0.09] 11016. Misc. Sega. Mais vendido: NA_Vendas.
[Skate 3] [Wii] [28.62] 9. Platform. Nintendo. Mais vendido: NA_Vendas.
[Skylanders: Trap Team] [3DS] [0.26] 6510. Action. Activision. Mais vendido: NA_Vendas.
[Slayers Royal 2] [Wii] [2.2] 740. Platform. Sega. Mais vendido: NA_Vendas.
[SpongeBob SquarePants: Lights, Camera, Pants!] [PS2] [2.22] 728. Action. Ubisoft. Mais vendido: EU_Vendas.
[Star Wars Starfighter: Special Edition] [PS3] [0.7] 2904. Sports. Sega. Mais vendido: EU_Vendas.
[Star Wars: Dark Forces] [PSP] [0.25] 6642. Misc. Sega. Mais vendido: JP_Vendas.
[Stuart Little 2] [GBA] [0.46] 4245. Platform. Activision. Mais vendido: NA_Vendas.
[Summer Heat Beach Volleyball] [DS] [0.01] 16487. Misc. UFO Interactive. Mais vendido: NA_Vendas.
[Super Mario Bros: The Lost Levels] [PS3] [0.29] 5979. Action. Tecmo Koei. Mais vendido: NA_Vendas.
[Syndicate] [PC] [0.02] 15125. Action. Konami Digital Entertainment. Mais vendido: EU_Vendas.
[Tales of Innocence R] [PSV] [0.1] 10688. Role-Playing. Namco Bandai Games. Mais vendido: JP_Vendas.
[Tear Ring Saga Yutona Eiyuu Senki] [Wii] [0.41] 4724. Misc. THQ. Mais vendido: NA_Vendas.
[The Naked Brothers Band: The Video Game] [X360] [0.9] 2325. Sports. THQ. Mais vendido: NA_Vendas.
[Tiger Woods PGA Tour 08] [PS3] [0.74] 2777. Racing. Activision. Mais vendido: EU_Vendas.
[Tiger Woods PGA Tour 09] [PC] [0.08] 11468. Simulation. Electronic Arts. Mais vendido: EU_Vendas.
[Transformers: Revenge of the Fallen (XBox 360, PS3, & PC Versions)] [PC] [0.19] 7951. Shooter. Activision. Mais vendido: EU_Vendas.
[UEFA Champions League 2006-2007] [Wii] [0.43] 4525. Sports. Electronic Arts. Mais vendido: NA_Vendas.
[Utawarerumono: Futari no Hakuoro] [PS] [0.08] 11677. Simulation. Psygnosis. Mais vendido: NA_Vendas.
[Warriors Orochi] [PC] [0.26] 6594. Simulation. Ubisoft. Mais vendido: EU_Vendas.
[Worldwide Soccer Manager 2009] [2600] [0.34] 5397. Action. 20th Century Fox Video Games. Mais vendido: NA_Vendas.
[Worms World Party] [PC] [0.01] 16580. Shooter. Codemasters. Mais vendido: EU_Vendas.
[Zoids Dash] [PC] [0.04] 13565. Racing. Electronic Arts. Mais vendido: EU_Vendas.
[Zoo Hospital] [DS] [0.04] 13935. Simulation. Eidos Interactive. Mais vendido: NA_Vendas.
## SELECTION [COMPARACOES] [9762k] [MOVIMENTACOES] [300k]
